Server running on port 8080
Connected to MQTT broker
Subscribed to topic: tractor/gps
Broadcasting new GPS data: {
  latitude: 22.316312,
  longitude: 87.314371,
  vehicle1: {
    current: { latitude: 22.573, longitude: 88.364, timestamp: 1762764039294 },
    latitude: '22.316312',
    longitude: '87.314371',
    path: [ [Object] ]
  }
}
Received message on tractor/gps: {"vehicleId":"vehicle1","latitude":22.5726,"longitude":88.3639,"timestamp":1762764600448}
Broadcasting new GPS data: {
  latitude: 22.316312,
  longitude: 87.314371,
  vehicle1: {
    current: { latitude: 22.5726, longitude: 88.3639, timestamp: 1762764600448 },
    latitude: '22.316312',
    longitude: '87.314371',
    path: [ [Object] ]
  }
}
Broadcasting new GPS data: {
  latitude: 22.316312,
  longitude: 87.314371,
  vehicle1: {
    current: { latitude: 22.5726, longitude: 88.3639, timestamp: 1762764600448 },
    latitude: '22.316312',
    longitude: '87.314371',
    path: [ [Object], [Object] ]
  }
}
Received message on tractor/gps: {"vehicleId":"vehicle1","latitude":22.5729,"longitude":88.3645,"timestamp":1762764600948}
Broadcasting new GPS data: {
  latitude: 22.316312,
  longitude: 87.314371,
  vehicle1: {
    current: { latitude: 22.5729, longitude: 88.3645, timestamp: 1762764600948 },
    latitude: '22.316312',
    longitude: '87.314371',
    path: [ [Object], [Object] ]
  }
}
Broadcasting new GPS data: {
  latitude: 22.316312,
  longitude: 87.314371,
  vehicle1: {
    current: { latitude: 22.5729, longitude: 88.3645, timestamp: 1762764600948 },
    latitude: '22.316312',
    longitude: '87.314371',
    path: [ [Object], [Object], [Object] ]
  }
}
Received message on tractor/gps: {"vehicleId":"vehicle1","latitude":22.5732,"longitude":88.365,"timestamp":1762764601448}
Broadcasting new GPS data: {
  latitude: 22.316312,
  longitude: 87.314371,
  vehicle1: {
    current: { latitude: 22.5732, longitude: 88.365, timestamp: 1762764601448 },
    latitude: '22.316312',
    longitude: '87.314371',
    path: [ [Object], [Object], [Object] ]
  }
}
Broadcasting new GPS data: {
  latitude: 22.316312,
  longitude: 87.314371,
  vehicle1: {
    current: { latitude: 22.5732, longitude: 88.365, timestamp: 1762764601448 },
    latitude: '22.316312',
    longitude: '87.314371',
    path: [ [Object], [Object], [Object], [Object] ]
  }
}
Client connected
Client disconnected: client namespace disconnect
Client connected
Received message on tractor/gps: {"vehicleId":"vehicle1","latitude":22.573,"longitude":88.364,"timestamp":1762764960833}
Broadcasting new GPS data: {
  latitude: 22.316312,
  longitude: 87.314371,
  vehicle1: {
    current: { latitude: 22.573, longitude: 88.364, timestamp: 1762764960833 },
    latitude: '22.316312',
    longitude: '87.314371',
    path: [ [Object], [Object], [Object], [Object] ]
  }
}
Broadcasting new GPS data: {
  latitude: 22.316312,
  longitude: 87.314371,
  vehicle1: {
    current: { latitude: 22.573, longitude: 88.364, timestamp: 1762764960833 },
    latitude: '22.316312',
    longitude: '87.314371',
    path: [ [Object], [Object], [Object], [Object], [Object] ]
  }
}
Received message on tractor/gps: {"vehicleId":"vehicle1","latitude":22.5734,"longitude":88.3648,"timestamp":1762764961533}
Broadcasting new GPS data: {
  latitude: 22.316312,
  longitude: 87.314371,
  vehicle1: {
    current: { latitude: 22.5734, longitude: 88.3648, timestamp: 1762764961533 },
    latitude: '22.316312',
    longitude: '87.314371',
    path: [ [Object], [Object], [Object], [Object], [Object] ]
  }
}
Broadcasting new GPS data: {
  latitude: 22.316312,
  longitude: 87.314371,
  vehicle1: {
    current: { latitude: 22.5734, longitude: 88.3648, timestamp: 1762764961533 },
    latitude: '22.316312',
    longitude: '87.314371',
    path: [ [Object], [Object], [Object], [Object], [Object], [Object] ]
  }
}
Received message on tractor/gps: {"vehicleId":"vehicle1","latitude":22.5739,"longitude":88.3655,"timestamp":1762764962233}
Broadcasting new GPS data: {
  latitude: 22.316312,
  longitude: 87.314371,
  vehicle1: {
    current: { latitude: 22.5739, longitude: 88.3655, timestamp: 1762764962233 },
    latitude: '22.316312',
    longitude: '87.314371',
    path: [ [Object], [Object], [Object], [Object], [Object], [Object] ]
  }
}
Broadcasting new GPS data: {
  latitude: 22.316312,
  longitude: 87.314371,
  vehicle1: {
    current: { latitude: 22.5739, longitude: 88.3655, timestamp: 1762764962233 },
    latitude: '22.316312',
    longitude: '87.314371',
    path: [
      [Object], [Object],
      [Object], [Object],
      [Object], [Object],
      [Object]
    ]
  }
}
Client disconnected: transport close
